(0.001) SELECT COUNT(*) AS "__count" FROM "background_task"; args=()
(0.001) SELECT COUNT(*) AS "__count" FROM "background_task"; args=()
(0.000) BEGIN; args=None
(0.000) SAVEPOINT "s7344_x1"; args=None
(0.001) SELECT "background_task"."id", "background_task"."task_name", "background_task"."task_params", "background_task"."task_hash", "background_task"."verbose_name", "background_task"."priority", "background_task"."run_at", "background_task"."repeat", "background_task"."repeat_until", "background_task"."queue", "background_task"."attempts", "background_task"."failed_at", "background_task"."last_error", "background_task"."locked_by", "background_task"."locked_at", "background_task"."creator_content_type_id", "background_task"."creator_object_id" FROM "background_task" WHERE (("background_task"."locked_by" IS NULL OR "background_task"."locked_at" < '2018-06-26 20:24:42.261403') AND "background_task"."run_at" <= '2018-06-26 21:24:42.261403' AND "background_task"."failed_at" IS NULL) ORDER BY "background_task"."priority" DESC, "background_task"."run_at" ASC; args=('2018-06-26 20:24:42.261403', '2018-06-26 21:24:42.261403')
(0.000) RELEASE SAVEPOINT "s7344_x1"; args=None
(0.000) BEGIN; args=None
(0.000) SAVEPOINT "s7344_x2"; args=None
(0.001) SELECT "background_task"."id", "background_task"."task_name", "background_task"."task_params", "background_task"."task_hash", "background_task"."verbose_name", "background_task"."priority", "background_task"."run_at", "background_task"."repeat", "background_task"."repeat_until", "background_task"."queue", "background_task"."attempts", "background_task"."failed_at", "background_task"."last_error", "background_task"."locked_by", "background_task"."locked_at", "background_task"."creator_content_type_id", "background_task"."creator_object_id" FROM "background_task" WHERE (("background_task"."locked_by" IS NULL OR "background_task"."locked_at" < '2018-06-26 20:24:47.266350') AND "background_task"."run_at" <= '2018-06-26 21:24:47.266350' AND "background_task"."failed_at" IS NULL) ORDER BY "background_task"."priority" DESC, "background_task"."run_at" ASC; args=('2018-06-26 20:24:47.266350', '2018-06-26 21:24:47.266350')
(0.000) RELEASE SAVEPOINT "s7344_x2"; args=None
(0.000) BEGIN; args=None
(0.000) SAVEPOINT "s7344_x3"; args=None
(0.002) SELECT "background_task"."id", "background_task"."task_name", "background_task"."task_params", "background_task"."task_hash", "background_task"."verbose_name", "background_task"."priority", "background_task"."run_at", "background_task"."repeat", "background_task"."repeat_until", "background_task"."queue", "background_task"."attempts", "background_task"."failed_at", "background_task"."last_error", "background_task"."locked_by", "background_task"."locked_at", "background_task"."creator_content_type_id", "background_task"."creator_object_id" FROM "background_task" WHERE (("background_task"."locked_by" IS NULL OR "background_task"."locked_at" < '2018-06-26 20:24:52.271293') AND "background_task"."run_at" <= '2018-06-26 21:24:52.271293' AND "background_task"."failed_at" IS NULL) ORDER BY "background_task"."priority" DESC, "background_task"."run_at" ASC; args=('2018-06-26 20:24:52.271293', '2018-06-26 21:24:52.271293')
(0.000) RELEASE SAVEPOINT "s7344_x3"; args=None
(0.000) BEGIN; args=None
(0.000) SAVEPOINT "s7344_x4"; args=None
(0.002) SELECT "background_task"."id", "background_task"."task_name", "background_task"."task_params", "background_task"."task_hash", "background_task"."verbose_name", "background_task"."priority", "background_task"."run_at", "background_task"."repeat", "background_task"."repeat_until", "background_task"."queue", "background_task"."attempts", "background_task"."failed_at", "background_task"."last_error", "background_task"."locked_by", "background_task"."locked_at", "background_task"."creator_content_type_id", "background_task"."creator_object_id" FROM "background_task" WHERE (("background_task"."locked_by" IS NULL OR "background_task"."locked_at" < '2018-06-26 20:24:57.277245') AND "background_task"."run_at" <= '2018-06-26 21:24:57.277245' AND "background_task"."failed_at" IS NULL) ORDER BY "background_task"."priority" DESC, "background_task"."run_at" ASC; args=('2018-06-26 20:24:57.277245', '2018-06-26 21:24:57.277245')
(0.000) RELEASE SAVEPOINT "s7344_x4"; args=None
(0.000) BEGIN; args=None
(0.000) SAVEPOINT "s7344_x5"; args=None
(0.001) SELECT "background_task"."id", "background_task"."task_name", "background_task"."task_params", "background_task"."task_hash", "background_task"."verbose_name", "background_task"."priority", "background_task"."run_at", "background_task"."repeat", "background_task"."repeat_until", "background_task"."queue", "background_task"."attempts", "background_task"."failed_at", "background_task"."last_error", "background_task"."locked_by", "background_task"."locked_at", "background_task"."creator_content_type_id", "background_task"."creator_object_id" FROM "background_task" WHERE (("background_task"."locked_by" IS NULL OR "background_task"."locked_at" < '2018-06-26 20:25:02.283215') AND "background_task"."run_at" <= '2018-06-26 21:25:02.283215' AND "background_task"."failed_at" IS NULL) ORDER BY "background_task"."priority" DESC, "background_task"."run_at" ASC; args=('2018-06-26 20:25:02.283215', '2018-06-26 21:25:02.283215')
(0.000) RELEASE SAVEPOINT "s7344_x5"; args=None
(0.000) BEGIN; args=None
(0.000) SAVEPOINT "s7344_x6"; args=None
(0.001) SELECT "background_task"."id", "background_task"."task_name", "background_task"."task_params", "background_task"."task_hash", "background_task"."verbose_name", "background_task"."priority", "background_task"."run_at", "background_task"."repeat", "background_task"."repeat_until", "background_task"."queue", "background_task"."attempts", "background_task"."failed_at", "background_task"."last_error", "background_task"."locked_by", "background_task"."locked_at", "background_task"."creator_content_type_id", "background_task"."creator_object_id" FROM "background_task" WHERE (("background_task"."locked_by" IS NULL OR "background_task"."locked_at" < '2018-06-26 20:25:07.288157') AND "background_task"."run_at" <= '2018-06-26 21:25:07.288157' AND "background_task"."failed_at" IS NULL) ORDER BY "background_task"."priority" DESC, "background_task"."run_at" ASC; args=('2018-06-26 20:25:07.288157', '2018-06-26 21:25:07.288157')
(0.000) RELEASE SAVEPOINT "s7344_x6"; args=None
(0.000) BEGIN; args=None
(0.000) SAVEPOINT "s7344_x7"; args=None
(0.001) SELECT "background_task"."id", "background_task"."task_name", "background_task"."task_params", "background_task"."task_hash", "background_task"."verbose_name", "background_task"."priority", "background_task"."run_at", "background_task"."repeat", "background_task"."repeat_until", "background_task"."queue", "background_task"."attempts", "background_task"."failed_at", "background_task"."last_error", "background_task"."locked_by", "background_task"."locked_at", "background_task"."creator_content_type_id", "background_task"."creator_object_id" FROM "background_task" WHERE (("background_task"."locked_by" IS NULL OR "background_task"."locked_at" < '2018-06-26 20:25:12.293114') AND "background_task"."run_at" <= '2018-06-26 21:25:12.293114' AND "background_task"."failed_at" IS NULL) ORDER BY "background_task"."priority" DESC, "background_task"."run_at" ASC; args=('2018-06-26 20:25:12.293114', '2018-06-26 21:25:12.293114')
(0.001) RELEASE SAVEPOINT "s7344_x7"; args=None
(0.000) BEGIN; args=None
(0.000) SAVEPOINT "s7344_x8"; args=None
(0.001) SELECT "background_task"."id", "background_task"."task_name", "background_task"."task_params", "background_task"."task_hash", "background_task"."verbose_name", "background_task"."priority", "background_task"."run_at", "background_task"."repeat", "background_task"."repeat_until", "background_task"."queue", "background_task"."attempts", "background_task"."failed_at", "background_task"."last_error", "background_task"."locked_by", "background_task"."locked_at", "background_task"."creator_content_type_id", "background_task"."creator_object_id" FROM "background_task" WHERE (("background_task"."locked_by" IS NULL OR "background_task"."locked_at" < '2018-06-26 20:25:17.298052') AND "background_task"."run_at" <= '2018-06-26 21:25:17.298052' AND "background_task"."failed_at" IS NULL) ORDER BY "background_task"."priority" DESC, "background_task"."run_at" ASC; args=('2018-06-26 20:25:17.298052', '2018-06-26 21:25:17.298052')
(0.000) RELEASE SAVEPOINT "s7344_x8"; args=None
(0.000) BEGIN; args=None
(0.000) SAVEPOINT "s7344_x9"; args=None
(0.001) SELECT "background_task"."id", "background_task"."task_name", "background_task"."task_params", "background_task"."task_hash", "background_task"."verbose_name", "background_task"."priority", "background_task"."run_at", "background_task"."repeat", "background_task"."repeat_until", "background_task"."queue", "background_task"."attempts", "background_task"."failed_at", "background_task"."last_error", "background_task"."locked_by", "background_task"."locked_at", "background_task"."creator_content_type_id", "background_task"."creator_object_id" FROM "background_task" WHERE (("background_task"."locked_by" IS NULL OR "background_task"."locked_at" < '2018-06-26 20:25:22.303004') AND "background_task"."run_at" <= '2018-06-26 21:25:22.303004' AND "background_task"."failed_at" IS NULL) ORDER BY "background_task"."priority" DESC, "background_task"."run_at" ASC; args=('2018-06-26 20:25:22.303004', '2018-06-26 21:25:22.303004')
(0.000) RELEASE SAVEPOINT "s7344_x9"; args=None
(0.000) BEGIN; args=None
(0.000) SAVEPOINT "s7344_x10"; args=None
(0.001) SELECT "background_task"."id", "background_task"."task_name", "background_task"."task_params", "background_task"."task_hash", "background_task"."verbose_name", "background_task"."priority", "background_task"."run_at", "background_task"."repeat", "background_task"."repeat_until", "background_task"."queue", "background_task"."attempts", "background_task"."failed_at", "background_task"."last_error", "background_task"."locked_by", "background_task"."locked_at", "background_task"."creator_content_type_id", "background_task"."creator_object_id" FROM "background_task" WHERE (("background_task"."locked_by" IS NULL OR "background_task"."locked_at" < '2018-06-26 20:25:27.307933') AND "background_task"."run_at" <= '2018-06-26 21:25:27.307933' AND "background_task"."failed_at" IS NULL) ORDER BY "background_task"."priority" DESC, "background_task"."run_at" ASC; args=('2018-06-26 20:25:27.307933', '2018-06-26 21:25:27.307933')
(0.000) RELEASE SAVEPOINT "s7344_x10"; args=None
(0.000) BEGIN; args=None
(0.000) SAVEPOINT "s7344_x11"; args=None
(0.002) SELECT "background_task"."id", "background_task"."task_name", "background_task"."task_params", "background_task"."task_hash", "background_task"."verbose_name", "background_task"."priority", "background_task"."run_at", "background_task"."repeat", "background_task"."repeat_until", "background_task"."queue", "background_task"."attempts", "background_task"."failed_at", "background_task"."last_error", "background_task"."locked_by", "background_task"."locked_at", "background_task"."creator_content_type_id", "background_task"."creator_object_id" FROM "background_task" WHERE (("background_task"."locked_by" IS NULL OR "background_task"."locked_at" < '2018-06-26 20:25:32.312383') AND "background_task"."run_at" <= '2018-06-26 21:25:32.312383' AND "background_task"."failed_at" IS NULL) ORDER BY "background_task"."priority" DESC, "background_task"."run_at" ASC; args=('2018-06-26 20:25:32.312383', '2018-06-26 21:25:32.312383')
(0.000) RELEASE SAVEPOINT "s7344_x11"; args=None
(0.000) BEGIN; args=None
(0.000) SAVEPOINT "s7344_x12"; args=None
(0.002) SELECT "background_task"."id", "background_task"."task_name", "background_task"."task_params", "background_task"."task_hash", "background_task"."verbose_name", "background_task"."priority", "background_task"."run_at", "background_task"."repeat", "background_task"."repeat_until", "background_task"."queue", "background_task"."attempts", "background_task"."failed_at", "background_task"."last_error", "background_task"."locked_by", "background_task"."locked_at", "background_task"."creator_content_type_id", "background_task"."creator_object_id" FROM "background_task" WHERE (("background_task"."locked_by" IS NULL OR "background_task"."locked_at" < '2018-06-26 20:25:37.318860') AND "background_task"."run_at" <= '2018-06-26 21:25:37.318860' AND "background_task"."failed_at" IS NULL) ORDER BY "background_task"."priority" DESC, "background_task"."run_at" ASC; args=('2018-06-26 20:25:37.318860', '2018-06-26 21:25:37.318860')
(0.000) RELEASE SAVEPOINT "s7344_x12"; args=None
(0.000) BEGIN; args=None
(0.000) SAVEPOINT "s7344_x13"; args=None
(0.001) SELECT "background_task"."id", "background_task"."task_name", "background_task"."task_params", "background_task"."task_hash", "background_task"."verbose_name", "background_task"."priority", "background_task"."run_at", "background_task"."repeat", "background_task"."repeat_until", "background_task"."queue", "background_task"."attempts", "background_task"."failed_at", "background_task"."last_error", "background_task"."locked_by", "background_task"."locked_at", "background_task"."creator_content_type_id", "background_task"."creator_object_id" FROM "background_task" WHERE (("background_task"."locked_by" IS NULL OR "background_task"."locked_at" < '2018-06-26 20:25:42.323829') AND "background_task"."run_at" <= '2018-06-26 21:25:42.323829' AND "background_task"."failed_at" IS NULL) ORDER BY "background_task"."priority" DESC, "background_task"."run_at" ASC; args=('2018-06-26 20:25:42.323829', '2018-06-26 21:25:42.323829')
(0.000) RELEASE SAVEPOINT "s7344_x13"; args=None
(0.000) BEGIN; args=None
(0.000) SAVEPOINT "s7344_x14"; args=None
(0.001) SELECT "background_task"."id", "background_task"."task_name", "background_task"."task_params", "background_task"."task_hash", "background_task"."verbose_name", "background_task"."priority", "background_task"."run_at", "background_task"."repeat", "background_task"."repeat_until", "background_task"."queue", "background_task"."attempts", "background_task"."failed_at", "background_task"."last_error", "background_task"."locked_by", "background_task"."locked_at", "background_task"."creator_content_type_id", "background_task"."creator_object_id" FROM "background_task" WHERE (("background_task"."locked_by" IS NULL OR "background_task"."locked_at" < '2018-06-26 20:25:47.328759') AND "background_task"."run_at" <= '2018-06-26 21:25:47.328759' AND "background_task"."failed_at" IS NULL) ORDER BY "background_task"."priority" DESC, "background_task"."run_at" ASC; args=('2018-06-26 20:25:47.328759', '2018-06-26 21:25:47.328759')
(0.000) RELEASE SAVEPOINT "s7344_x14"; args=None
(0.000) BEGIN; args=None
(0.000) SAVEPOINT "s7344_x15"; args=None
(0.001) SELECT "background_task"."id", "background_task"."task_name", "background_task"."task_params", "background_task"."task_hash", "background_task"."verbose_name", "background_task"."priority", "background_task"."run_at", "background_task"."repeat", "background_task"."repeat_until", "background_task"."queue", "background_task"."attempts", "background_task"."failed_at", "background_task"."last_error", "background_task"."locked_by", "background_task"."locked_at", "background_task"."creator_content_type_id", "background_task"."creator_object_id" FROM "background_task" WHERE (("background_task"."locked_by" IS NULL OR "background_task"."locked_at" < '2018-06-26 20:25:52.333701') AND "background_task"."run_at" <= '2018-06-26 21:25:52.333701' AND "background_task"."failed_at" IS NULL) ORDER BY "background_task"."priority" DESC, "background_task"."run_at" ASC; args=('2018-06-26 20:25:52.333701', '2018-06-26 21:25:52.333701')
(0.000) RELEASE SAVEPOINT "s7344_x15"; args=None
(0.000) BEGIN; args=None
(0.000) SAVEPOINT "s7344_x16"; args=None
(0.001) SELECT "background_task"."id", "background_task"."task_name", "background_task"."task_params", "background_task"."task_hash", "background_task"."verbose_name", "background_task"."priority", "background_task"."run_at", "background_task"."repeat", "background_task"."repeat_until", "background_task"."queue", "background_task"."attempts", "background_task"."failed_at", "background_task"."last_error", "background_task"."locked_by", "background_task"."locked_at", "background_task"."creator_content_type_id", "background_task"."creator_object_id" FROM "background_task" WHERE (("background_task"."locked_by" IS NULL OR "background_task"."locked_at" < '2018-06-26 20:25:57.339379') AND "background_task"."run_at" <= '2018-06-26 21:25:57.339379' AND "background_task"."failed_at" IS NULL) ORDER BY "background_task"."priority" DESC, "background_task"."run_at" ASC; args=('2018-06-26 20:25:57.339379', '2018-06-26 21:25:57.339379')
(0.000) RELEASE SAVEPOINT "s7344_x16"; args=None
(0.000) BEGIN; args=None
(0.000) SAVEPOINT "s7344_x17"; args=None
(0.001) SELECT "background_task"."id", "background_task"."task_name", "background_task"."task_params", "background_task"."task_hash", "background_task"."verbose_name", "background_task"."priority", "background_task"."run_at", "background_task"."repeat", "background_task"."repeat_until", "background_task"."queue", "background_task"."attempts", "background_task"."failed_at", "background_task"."last_error", "background_task"."locked_by", "background_task"."locked_at", "background_task"."creator_content_type_id", "background_task"."creator_object_id" FROM "background_task" WHERE (("background_task"."locked_by" IS NULL OR "background_task"."locked_at" < '2018-06-26 20:26:02.343348') AND "background_task"."run_at" <= '2018-06-26 21:26:02.343348' AND "background_task"."failed_at" IS NULL) ORDER BY "background_task"."priority" DESC, "background_task"."run_at" ASC; args=('2018-06-26 20:26:02.343348', '2018-06-26 21:26:02.343348')
(0.001) RELEASE SAVEPOINT "s7344_x17"; args=None
(0.000) BEGIN; args=None
(0.000) SAVEPOINT "s7344_x18"; args=None
(0.001) SELECT "background_task"."id", "background_task"."task_name", "background_task"."task_params", "background_task"."task_hash", "background_task"."verbose_name", "background_task"."priority", "background_task"."run_at", "background_task"."repeat", "background_task"."repeat_until", "background_task"."queue", "background_task"."attempts", "background_task"."failed_at", "background_task"."last_error", "background_task"."locked_by", "background_task"."locked_at", "background_task"."creator_content_type_id", "background_task"."creator_object_id" FROM "background_task" WHERE (("background_task"."locked_by" IS NULL OR "background_task"."locked_at" < '2018-06-26 20:26:07.348273') AND "background_task"."run_at" <= '2018-06-26 21:26:07.348273' AND "background_task"."failed_at" IS NULL) ORDER BY "background_task"."priority" DESC, "background_task"."run_at" ASC; args=('2018-06-26 20:26:07.348273', '2018-06-26 21:26:07.348273')
(0.000) RELEASE SAVEPOINT "s7344_x18"; args=None
(0.000) BEGIN; args=None
(0.000) SAVEPOINT "s7344_x19"; args=None
(0.001) SELECT "background_task"."id", "background_task"."task_name", "background_task"."task_params", "background_task"."task_hash", "background_task"."verbose_name", "background_task"."priority", "background_task"."run_at", "background_task"."repeat", "background_task"."repeat_until", "background_task"."queue", "background_task"."attempts", "background_task"."failed_at", "background_task"."last_error", "background_task"."locked_by", "background_task"."locked_at", "background_task"."creator_content_type_id", "background_task"."creator_object_id" FROM "background_task" WHERE (("background_task"."locked_by" IS NULL OR "background_task"."locked_at" < '2018-06-26 20:26:12.353220') AND "background_task"."run_at" <= '2018-06-26 21:26:12.353220' AND "background_task"."failed_at" IS NULL) ORDER BY "background_task"."priority" DESC, "background_task"."run_at" ASC; args=('2018-06-26 20:26:12.353220', '2018-06-26 21:26:12.353220')
(0.000) RELEASE SAVEPOINT "s7344_x19"; args=None
(0.000) BEGIN; args=None
(0.000) SAVEPOINT "s7344_x20"; args=None
(0.002) SELECT "background_task"."id", "background_task"."task_name", "background_task"."task_params", "background_task"."task_hash", "background_task"."verbose_name", "background_task"."priority", "background_task"."run_at", "background_task"."repeat", "background_task"."repeat_until", "background_task"."queue", "background_task"."attempts", "background_task"."failed_at", "background_task"."last_error", "background_task"."locked_by", "background_task"."locked_at", "background_task"."creator_content_type_id", "background_task"."creator_object_id" FROM "background_task" WHERE (("background_task"."locked_by" IS NULL OR "background_task"."locked_at" < '2018-06-26 20:26:17.359168') AND "background_task"."run_at" <= '2018-06-26 21:26:17.359168' AND "background_task"."failed_at" IS NULL) ORDER BY "background_task"."priority" DESC, "background_task"."run_at" ASC; args=('2018-06-26 20:26:17.359168', '2018-06-26 21:26:17.359168')
(0.000) RELEASE SAVEPOINT "s7344_x20"; args=None
(0.000) BEGIN; args=None
(0.000) SAVEPOINT "s7344_x21"; args=None
(0.001) SELECT "background_task"."id", "background_task"."task_name", "background_task"."task_params", "background_task"."task_hash", "background_task"."verbose_name", "background_task"."priority", "background_task"."run_at", "background_task"."repeat", "background_task"."repeat_until", "background_task"."queue", "background_task"."attempts", "background_task"."failed_at", "background_task"."last_error", "background_task"."locked_by", "background_task"."locked_at", "background_task"."creator_content_type_id", "background_task"."creator_object_id" FROM "background_task" WHERE (("background_task"."locked_by" IS NULL OR "background_task"."locked_at" < '2018-06-26 20:26:22.363114') AND "background_task"."run_at" <= '2018-06-26 21:26:22.363114' AND "background_task"."failed_at" IS NULL) ORDER BY "background_task"."priority" DESC, "background_task"."run_at" ASC; args=('2018-06-26 20:26:22.363114', '2018-06-26 21:26:22.363114')
(0.000) RELEASE SAVEPOINT "s7344_x21"; args=None
(0.000) BEGIN; args=None
(0.000) SAVEPOINT "s7344_x22"; args=None
(0.001) SELECT "background_task"."id", "background_task"."task_name", "background_task"."task_params", "background_task"."task_hash", "background_task"."verbose_name", "background_task"."priority", "background_task"."run_at", "background_task"."repeat", "background_task"."repeat_until", "background_task"."queue", "background_task"."attempts", "background_task"."failed_at", "background_task"."last_error", "background_task"."locked_by", "background_task"."locked_at", "background_task"."creator_content_type_id", "background_task"."creator_object_id" FROM "background_task" WHERE (("background_task"."locked_by" IS NULL OR "background_task"."locked_at" < '2018-06-26 20:26:27.368067') AND "background_task"."run_at" <= '2018-06-26 21:26:27.368067' AND "background_task"."failed_at" IS NULL) ORDER BY "background_task"."priority" DESC, "background_task"."run_at" ASC; args=('2018-06-26 20:26:27.368067', '2018-06-26 21:26:27.368067')
(0.000) RELEASE SAVEPOINT "s7344_x22"; args=None
(0.000) BEGIN; args=None
(0.000) SAVEPOINT "s7344_x23"; args=None
(0.001) SELECT "background_task"."id", "background_task"."task_name", "background_task"."task_params", "background_task"."task_hash", "background_task"."verbose_name", "background_task"."priority", "background_task"."run_at", "background_task"."repeat", "background_task"."repeat_until", "background_task"."queue", "background_task"."attempts", "background_task"."failed_at", "background_task"."last_error", "background_task"."locked_by", "background_task"."locked_at", "background_task"."creator_content_type_id", "background_task"."creator_object_id" FROM "background_task" WHERE (("background_task"."locked_by" IS NULL OR "background_task"."locked_at" < '2018-06-26 20:26:32.373014') AND "background_task"."run_at" <= '2018-06-26 21:26:32.373014' AND "background_task"."failed_at" IS NULL) ORDER BY "background_task"."priority" DESC, "background_task"."run_at" ASC; args=('2018-06-26 20:26:32.373014', '2018-06-26 21:26:32.373014')
(0.000) RELEASE SAVEPOINT "s7344_x23"; args=None
(0.000) BEGIN; args=None
(0.000) SAVEPOINT "s7344_x24"; args=None
(0.003) SELECT "background_task"."id", "background_task"."task_name", "background_task"."task_params", "background_task"."task_hash", "background_task"."verbose_name", "background_task"."priority", "background_task"."run_at", "background_task"."repeat", "background_task"."repeat_until", "background_task"."queue", "background_task"."attempts", "background_task"."failed_at", "background_task"."last_error", "background_task"."locked_by", "background_task"."locked_at", "background_task"."creator_content_type_id", "background_task"."creator_object_id" FROM "background_task" WHERE (("background_task"."locked_by" IS NULL OR "background_task"."locked_at" < '2018-06-26 20:26:37.376957') AND "background_task"."run_at" <= '2018-06-26 21:26:37.376957' AND "background_task"."failed_at" IS NULL) ORDER BY "background_task"."priority" DESC, "background_task"."run_at" ASC; args=('2018-06-26 20:26:37.376957', '2018-06-26 21:26:37.376957')
(0.000) RELEASE SAVEPOINT "s7344_x24"; args=None
(0.000) BEGIN; args=None
(0.000) SAVEPOINT "s7344_x25"; args=None
(0.001) SELECT "background_task"."id", "background_task"."task_name", "background_task"."task_params", "background_task"."task_hash", "background_task"."verbose_name", "background_task"."priority", "background_task"."run_at", "background_task"."repeat", "background_task"."repeat_until", "background_task"."queue", "background_task"."attempts", "background_task"."failed_at", "background_task"."last_error", "background_task"."locked_by", "background_task"."locked_at", "background_task"."creator_content_type_id", "background_task"."creator_object_id" FROM "background_task" WHERE (("background_task"."locked_by" IS NULL OR "background_task"."locked_at" < '2018-06-26 20:26:42.384909') AND "background_task"."run_at" <= '2018-06-26 21:26:42.384909' AND "background_task"."failed_at" IS NULL) ORDER BY "background_task"."priority" DESC, "background_task"."run_at" ASC; args=('2018-06-26 20:26:42.384909', '2018-06-26 21:26:42.384909')
(0.000) RELEASE SAVEPOINT "s7344_x25"; args=None
(0.000) BEGIN; args=None
(0.000) SAVEPOINT "s7344_x26"; args=None
(0.001) SELECT "background_task"."id", "background_task"."task_name", "background_task"."task_params", "background_task"."task_hash", "background_task"."verbose_name", "background_task"."priority", "background_task"."run_at", "background_task"."repeat", "background_task"."repeat_until", "background_task"."queue", "background_task"."attempts", "background_task"."failed_at", "background_task"."last_error", "background_task"."locked_by", "background_task"."locked_at", "background_task"."creator_content_type_id", "background_task"."creator_object_id" FROM "background_task" WHERE (("background_task"."locked_by" IS NULL OR "background_task"."locked_at" < '2018-06-26 20:26:47.389851') AND "background_task"."run_at" <= '2018-06-26 21:26:47.389851' AND "background_task"."failed_at" IS NULL) ORDER BY "background_task"."priority" DESC, "background_task"."run_at" ASC; args=('2018-06-26 20:26:47.389851', '2018-06-26 21:26:47.389851')
(0.000) RELEASE SAVEPOINT "s7344_x26"; args=None
(0.000) BEGIN; args=None
(0.000) SAVEPOINT "s7344_x27"; args=None
(0.002) SELECT "background_task"."id", "background_task"."task_name", "background_task"."task_params", "background_task"."task_hash", "background_task"."verbose_name", "background_task"."priority", "background_task"."run_at", "background_task"."repeat", "background_task"."repeat_until", "background_task"."queue", "background_task"."attempts", "background_task"."failed_at", "background_task"."last_error", "background_task"."locked_by", "background_task"."locked_at", "background_task"."creator_content_type_id", "background_task"."creator_object_id" FROM "background_task" WHERE (("background_task"."locked_by" IS NULL OR "background_task"."locked_at" < '2018-06-26 20:26:52.395798') AND "background_task"."run_at" <= '2018-06-26 21:26:52.395798' AND "background_task"."failed_at" IS NULL) ORDER BY "background_task"."priority" DESC, "background_task"."run_at" ASC; args=('2018-06-26 20:26:52.395798', '2018-06-26 21:26:52.395798')
(0.000) RELEASE SAVEPOINT "s7344_x27"; args=None
(0.000) BEGIN; args=None
(0.001) SAVEPOINT "s7344_x28"; args=None
(0.002) SELECT "background_task"."id", "background_task"."task_name", "background_task"."task_params", "background_task"."task_hash", "background_task"."verbose_name", "background_task"."priority", "background_task"."run_at", "background_task"."repeat", "background_task"."repeat_until", "background_task"."queue", "background_task"."attempts", "background_task"."failed_at", "background_task"."last_error", "background_task"."locked_by", "background_task"."locked_at", "background_task"."creator_content_type_id", "background_task"."creator_object_id" FROM "background_task" WHERE (("background_task"."locked_by" IS NULL OR "background_task"."locked_at" < '2018-06-26 20:26:57.401746') AND "background_task"."run_at" <= '2018-06-26 21:26:57.401746' AND "background_task"."failed_at" IS NULL) ORDER BY "background_task"."priority" DESC, "background_task"."run_at" ASC; args=('2018-06-26 20:26:57.401746', '2018-06-26 21:26:57.401746')
(0.000) RELEASE SAVEPOINT "s7344_x28"; args=None
(0.000) BEGIN; args=None
(0.000) SAVEPOINT "s7344_x29"; args=None
(0.001) SELECT "background_task"."id", "background_task"."task_name", "background_task"."task_params", "background_task"."task_hash", "background_task"."verbose_name", "background_task"."priority", "background_task"."run_at", "background_task"."repeat", "background_task"."repeat_until", "background_task"."queue", "background_task"."attempts", "background_task"."failed_at", "background_task"."last_error", "background_task"."locked_by", "background_task"."locked_at", "background_task"."creator_content_type_id", "background_task"."creator_object_id" FROM "background_task" WHERE (("background_task"."locked_by" IS NULL OR "background_task"."locked_at" < '2018-06-26 20:27:02.406693') AND "background_task"."run_at" <= '2018-06-26 21:27:02.406693' AND "background_task"."failed_at" IS NULL) ORDER BY "background_task"."priority" DESC, "background_task"."run_at" ASC; args=('2018-06-26 20:27:02.406693', '2018-06-26 21:27:02.406693')
(0.000) RELEASE SAVEPOINT "s7344_x29"; args=None
(0.000) BEGIN; args=None
(0.000) SAVEPOINT "s7344_x30"; args=None
(0.001) SELECT "background_task"."id", "background_task"."task_name", "background_task"."task_params", "background_task"."task_hash", "background_task"."verbose_name", "background_task"."priority", "background_task"."run_at", "background_task"."repeat", "background_task"."repeat_until", "background_task"."queue", "background_task"."attempts", "background_task"."failed_at", "background_task"."last_error", "background_task"."locked_by", "background_task"."locked_at", "background_task"."creator_content_type_id", "background_task"."creator_object_id" FROM "background_task" WHERE (("background_task"."locked_by" IS NULL OR "background_task"."locked_at" < '2018-06-26 20:27:07.411649') AND "background_task"."run_at" <= '2018-06-26 21:27:07.411649' AND "background_task"."failed_at" IS NULL) ORDER BY "background_task"."priority" DESC, "background_task"."run_at" ASC; args=('2018-06-26 20:27:07.411649', '2018-06-26 21:27:07.411649')
(0.000) RELEASE SAVEPOINT "s7344_x30"; args=None
(0.000) BEGIN; args=None
(0.000) SAVEPOINT "s7344_x31"; args=None
(0.001) SELECT "background_task"."id", "background_task"."task_name", "background_task"."task_params", "background_task"."task_hash", "background_task"."verbose_name", "background_task"."priority", "background_task"."run_at", "background_task"."repeat", "background_task"."repeat_until", "background_task"."queue", "background_task"."attempts", "background_task"."failed_at", "background_task"."last_error", "background_task"."locked_by", "background_task"."locked_at", "background_task"."creator_content_type_id", "background_task"."creator_object_id" FROM "background_task" WHERE (("background_task"."locked_by" IS NULL OR "background_task"."locked_at" < '2018-06-26 20:27:12.416587') AND "background_task"."run_at" <= '2018-06-26 21:27:12.416587' AND "background_task"."failed_at" IS NULL) ORDER BY "background_task"."priority" DESC, "background_task"."run_at" ASC; args=('2018-06-26 20:27:12.416587', '2018-06-26 21:27:12.416587')
(0.000) RELEASE SAVEPOINT "s7344_x31"; args=None
(0.000) BEGIN; args=None
(0.000) SAVEPOINT "s7344_x32"; args=None
(0.001) SELECT "background_task"."id", "background_task"."task_name", "background_task"."task_params", "background_task"."task_hash", "background_task"."verbose_name", "background_task"."priority", "background_task"."run_at", "background_task"."repeat", "background_task"."repeat_until", "background_task"."queue", "background_task"."attempts", "background_task"."failed_at", "background_task"."last_error", "background_task"."locked_by", "background_task"."locked_at", "background_task"."creator_content_type_id", "background_task"."creator_object_id" FROM "background_task" WHERE (("background_task"."locked_by" IS NULL OR "background_task"."locked_at" < '2018-06-26 20:27:17.421539') AND "background_task"."run_at" <= '2018-06-26 21:27:17.421539' AND "background_task"."failed_at" IS NULL) ORDER BY "background_task"."priority" DESC, "background_task"."run_at" ASC; args=('2018-06-26 20:27:17.421539', '2018-06-26 21:27:17.421539')
(0.000) RELEASE SAVEPOINT "s7344_x32"; args=None
(0.000) BEGIN; args=None
(0.000) SAVEPOINT "s7344_x33"; args=None
(0.001) SELECT "background_task"."id", "background_task"."task_name", "background_task"."task_params", "background_task"."task_hash", "background_task"."verbose_name", "background_task"."priority", "background_task"."run_at", "background_task"."repeat", "background_task"."repeat_until", "background_task"."queue", "background_task"."attempts", "background_task"."failed_at", "background_task"."last_error", "background_task"."locked_by", "background_task"."locked_at", "background_task"."creator_content_type_id", "background_task"."creator_object_id" FROM "background_task" WHERE (("background_task"."locked_by" IS NULL OR "background_task"."locked_at" < '2018-06-26 20:27:22.426482') AND "background_task"."run_at" <= '2018-06-26 21:27:22.426482' AND "background_task"."failed_at" IS NULL) ORDER BY "background_task"."priority" DESC, "background_task"."run_at" ASC; args=('2018-06-26 20:27:22.426482', '2018-06-26 21:27:22.426482')
(0.000) RELEASE SAVEPOINT "s7344_x33"; args=None
(0.000) BEGIN; args=None
(0.000) SAVEPOINT "s7344_x34"; args=None
(0.001) SELECT "background_task"."id", "background_task"."task_name", "background_task"."task_params", "background_task"."task_hash", "background_task"."verbose_name", "background_task"."priority", "background_task"."run_at", "background_task"."repeat", "background_task"."repeat_until", "background_task"."queue", "background_task"."attempts", "background_task"."failed_at", "background_task"."last_error", "background_task"."locked_by", "background_task"."locked_at", "background_task"."creator_content_type_id", "background_task"."creator_object_id" FROM "background_task" WHERE (("background_task"."locked_by" IS NULL OR "background_task"."locked_at" < '2018-06-26 20:27:27.431429') AND "background_task"."run_at" <= '2018-06-26 21:27:27.431429' AND "background_task"."failed_at" IS NULL) ORDER BY "background_task"."priority" DESC, "background_task"."run_at" ASC; args=('2018-06-26 20:27:27.431429', '2018-06-26 21:27:27.431429')
(0.000) RELEASE SAVEPOINT "s7344_x34"; args=None
(0.000) BEGIN; args=None
(0.000) SAVEPOINT "s7344_x35"; args=None
(0.001) SELECT "background_task"."id", "background_task"."task_name", "background_task"."task_params", "background_task"."task_hash", "background_task"."verbose_name", "background_task"."priority", "background_task"."run_at", "background_task"."repeat", "background_task"."repeat_until", "background_task"."queue", "background_task"."attempts", "background_task"."failed_at", "background_task"."last_error", "background_task"."locked_by", "background_task"."locked_at", "background_task"."creator_content_type_id", "background_task"."creator_object_id" FROM "background_task" WHERE (("background_task"."locked_by" IS NULL OR "background_task"."locked_at" < '2018-06-26 20:27:32.436399') AND "background_task"."run_at" <= '2018-06-26 21:27:32.436399' AND "background_task"."failed_at" IS NULL) ORDER BY "background_task"."priority" DESC, "background_task"."run_at" ASC; args=('2018-06-26 20:27:32.436399', '2018-06-26 21:27:32.436399')
(0.000) RELEASE SAVEPOINT "s7344_x35"; args=None
(0.000) BEGIN; args=None
(0.000) SAVEPOINT "s7344_x36"; args=None
(0.001) SELECT "background_task"."id", "background_task"."task_name", "background_task"."task_params", "background_task"."task_hash", "background_task"."verbose_name", "background_task"."priority", "background_task"."run_at", "background_task"."repeat", "background_task"."repeat_until", "background_task"."queue", "background_task"."attempts", "background_task"."failed_at", "background_task"."last_error", "background_task"."locked_by", "background_task"."locked_at", "background_task"."creator_content_type_id", "background_task"."creator_object_id" FROM "background_task" WHERE (("background_task"."locked_by" IS NULL OR "background_task"."locked_at" < '2018-06-26 20:27:37.441346') AND "background_task"."run_at" <= '2018-06-26 21:27:37.441346' AND "background_task"."failed_at" IS NULL) ORDER BY "background_task"."priority" DESC, "background_task"."run_at" ASC; args=('2018-06-26 20:27:37.441346', '2018-06-26 21:27:37.441346')
(0.000) RELEASE SAVEPOINT "s7344_x36"; args=None
(0.000) BEGIN; args=None
(0.000) SAVEPOINT "s7344_x37"; args=None
(0.002) SELECT "background_task"."id", "background_task"."task_name", "background_task"."task_params", "background_task"."task_hash", "background_task"."verbose_name", "background_task"."priority", "background_task"."run_at", "background_task"."repeat", "background_task"."repeat_until", "background_task"."queue", "background_task"."attempts", "background_task"."failed_at", "background_task"."last_error", "background_task"."locked_by", "background_task"."locked_at", "background_task"."creator_content_type_id", "background_task"."creator_object_id" FROM "background_task" WHERE (("background_task"."locked_by" IS NULL OR "background_task"."locked_at" < '2018-06-26 20:27:42.447272') AND "background_task"."run_at" <= '2018-06-26 21:27:42.447272' AND "background_task"."failed_at" IS NULL) ORDER BY "background_task"."priority" DESC, "background_task"."run_at" ASC; args=('2018-06-26 20:27:42.447272', '2018-06-26 21:27:42.447272')
(0.000) RELEASE SAVEPOINT "s7344_x37"; args=None
(0.000) BEGIN; args=None
(0.000) SAVEPOINT "s7344_x38"; args=None
(0.001) SELECT "background_task"."id", "background_task"."task_name", "background_task"."task_params", "background_task"."task_hash", "background_task"."verbose_name", "background_task"."priority", "background_task"."run_at", "background_task"."repeat", "background_task"."repeat_until", "background_task"."queue", "background_task"."attempts", "background_task"."failed_at", "background_task"."last_error", "background_task"."locked_by", "background_task"."locked_at", "background_task"."creator_content_type_id", "background_task"."creator_object_id" FROM "background_task" WHERE (("background_task"."locked_by" IS NULL OR "background_task"."locked_at" < '2018-06-26 20:27:47.451223') AND "background_task"."run_at" <= '2018-06-26 21:27:47.451223' AND "background_task"."failed_at" IS NULL) ORDER BY "background_task"."priority" DESC, "background_task"."run_at" ASC; args=('2018-06-26 20:27:47.451223', '2018-06-26 21:27:47.451223')
(0.000) RELEASE SAVEPOINT "s7344_x38"; args=None
(0.001) SELECT COUNT(*) AS "__count" FROM "background_task"; args=()
(0.001) 
            SELECT name, type FROM sqlite_master
            WHERE type in ('table', 'view') AND NOT name='sqlite_sequence'
            ORDER BY name; args=None
(0.000) SELECT "django_migrations"."app", "django_migrations"."name" FROM "django_migrations"; args=()
(0.000) BEGIN; args=None
(0.000) SAVEPOINT "s7344_x39"; args=None
(0.002) SELECT "background_task"."id", "background_task"."task_name", "background_task"."task_params", "background_task"."task_hash", "background_task"."verbose_name", "background_task"."priority", "background_task"."run_at", "background_task"."repeat", "background_task"."repeat_until", "background_task"."queue", "background_task"."attempts", "background_task"."failed_at", "background_task"."last_error", "background_task"."locked_by", "background_task"."locked_at", "background_task"."creator_content_type_id", "background_task"."creator_object_id" FROM "background_task" WHERE (("background_task"."locked_by" IS NULL OR "background_task"."locked_at" < '2018-06-26 20:27:52.456222') AND "background_task"."run_at" <= '2018-06-26 21:27:52.456222' AND "background_task"."failed_at" IS NULL) ORDER BY "background_task"."priority" DESC, "background_task"."run_at" ASC; args=('2018-06-26 20:27:52.456222', '2018-06-26 21:27:52.456222')
(0.000) RELEASE SAVEPOINT "s7344_x39"; args=None
(0.001) SELECT COUNT(*) AS "__count" FROM "background_task"; args=()
(0.000) BEGIN; args=None
(0.000) SAVEPOINT "s9708_x1"; args=None
(0.001) SELECT "background_task"."id", "background_task"."task_name", "background_task"."task_params", "background_task"."task_hash", "background_task"."verbose_name", "background_task"."priority", "background_task"."run_at", "background_task"."repeat", "background_task"."repeat_until", "background_task"."queue", "background_task"."attempts", "background_task"."failed_at", "background_task"."last_error", "background_task"."locked_by", "background_task"."locked_at", "background_task"."creator_content_type_id", "background_task"."creator_object_id" FROM "background_task" WHERE (("background_task"."locked_by" IS NULL OR "background_task"."locked_at" < '2018-06-26 20:28:45.575661') AND "background_task"."run_at" <= '2018-06-26 21:28:45.575661' AND "background_task"."failed_at" IS NULL) ORDER BY "background_task"."priority" DESC, "background_task"."run_at" ASC; args=('2018-06-26 20:28:45.575661', '2018-06-26 21:28:45.575661')
(0.000) RELEASE SAVEPOINT "s9708_x1"; args=None
(0.000) BEGIN; args=None
(0.000) SAVEPOINT "s9708_x2"; args=None
(0.001) SELECT "background_task"."id", "background_task"."task_name", "background_task"."task_params", "background_task"."task_hash", "background_task"."verbose_name", "background_task"."priority", "background_task"."run_at", "background_task"."repeat", "background_task"."repeat_until", "background_task"."queue", "background_task"."attempts", "background_task"."failed_at", "background_task"."last_error", "background_task"."locked_by", "background_task"."locked_at", "background_task"."creator_content_type_id", "background_task"."creator_object_id" FROM "background_task" WHERE (("background_task"."locked_by" IS NULL OR "background_task"."locked_at" < '2018-06-26 20:28:50.579609') AND "background_task"."run_at" <= '2018-06-26 21:28:50.579609' AND "background_task"."failed_at" IS NULL) ORDER BY "background_task"."priority" DESC, "background_task"."run_at" ASC; args=('2018-06-26 20:28:50.579609', '2018-06-26 21:28:50.579609')
(0.000) RELEASE SAVEPOINT "s9708_x2"; args=None
